rm -rf /tmp/*test-raftstore*
GO111MODULE=on go test -v --count=1 --parallel=1 -p=1 ./raft -run 2C || true
=== RUN   TestRestoreSnapshot2C
--- PASS: TestRestoreSnapshot2C (0.00s)
=== RUN   TestRestoreIgnoreSnapshot2C
--- PASS: TestRestoreIgnoreSnapshot2C (0.00s)
=== RUN   TestProvideSnap2C
--- PASS: TestProvideSnap2C (0.00s)
=== RUN   TestRestoreFromSnapMsg2C
--- PASS: TestRestoreFromSnapMsg2C (0.00s)
=== RUN   TestRestoreFromSnapWithOverlapingPeersMsg2C
--- PASS: TestRestoreFromSnapWithOverlapingPeersMsg2C (0.00s)
=== RUN   TestSlowNodeRestore2C
--- PASS: TestSlowNodeRestore2C (0.01s)
=== RUN   TestRawNodeRestartFromSnapshot2C
--- PASS: TestRawNodeRestartFromSnapshot2C (0.00s)
PASS
ok  	github.com/pingcap-incubator/tinykv/raft	0.017s
GO111MODULE=on go test -v --count=1 --parallel=1 -p=1 ./kv/test_raftstore -run ^TestOneSnapshot2C|| true
=== RUN   TestOneSnapshot2C
2023/06/13 20:29:56.863260 node.go:193: [0;37m[info] start raft store node, storeID: 1[0m
2023/06/13 20:29:56.863894 peer.go:41: [0;37m[info] region id:1 region_epoch:<conf_ver:1 version:1 > peers:<id:3 store_id:3 > peers:<id:1 store_id:1 > peers:<id:2 store_id:2 >  create peer with ID 1[0m
--- PASS: TestOneSnapshot2C (2.65s)
PASS
ok  	github.com/pingcap-incubator/tinykv/kv/test_raftstore	2.692s
GO111MODULE=on go test -v --count=1 --parallel=1 -p=1 ./kv/test_raftstore -run ^TestSnapshotRecover2C|| true
=== RUN   TestSnapshotRecover2C
2023/06/13 20:30:02.545181 node.go:193: [0;37m[info] start raft store node, storeID: 1[0m
2023/06/13 20:30:02.546815 peer.go:41: [0;37m[info] region id:1 region_epoch:<conf_ver:1 version:1 > peers:<id:5 store_id:5 > peers:<id:1 store_id:1 > peers:<id:2 store_id:2 > peers:<id:3 store_id:3 > peers:<id:4 store_id:4 >  create peer with ID 1[0m
--- PASS: TestSnapshotRecover2C (30.31s)
PASS
ok  	github.com/pingcap-incubator/tinykv/kv/test_raftstore	30.493s
GO111MODULE=on go test -v --count=1 --parallel=1 -p=1 ./kv/test_raftstore -run ^TestSnapshotRecoverManyClients2C|| true
=== RUN   TestSnapshotRecoverManyClients2C
2023/06/13 20:30:35.971439 node.go:193: [0;37m[info] start raft store node, storeID: 1[0m
2023/06/13 20:30:35.972123 peer.go:41: [0;37m[info] region id:1 region_epoch:<conf_ver:1 version:1 > peers:<id:1 store_id:1 > peers:<id:2 store_id:2 > peers:<id:3 store_id:3 > peers:<id:4 store_id:4 > peers:<id:5 store_id:5 >  create peer with ID 1[0m
--- PASS: TestSnapshotRecoverManyClients2C (48.40s)
PASS
ok  	github.com/pingcap-incubator/tinykv/kv/test_raftstore	48.680s
GO111MODULE=on go test -v --count=1 --parallel=1 -p=1 ./kv/test_raftstore -run ^TestSnapshotUnreliable2C|| true
=== RUN   TestSnapshotUnreliable2C
2023/06/13 20:31:26.961227 node.go:193: [0;37m[info] start raft store node, storeID: 1[0m
2023/06/13 20:31:26.961752 peer.go:41: [0;37m[info] region id:1 region_epoch:<conf_ver:1 version:1 > peers:<id:4 store_id:4 > peers:<id:5 store_id:5 > peers:<id:1 store_id:1 > peers:<id:2 store_id:2 > peers:<id:3 store_id:3 >  create peer with ID 1[0m
--- PASS: TestSnapshotUnreliable2C (33.13s)
PASS
ok  	github.com/pingcap-incubator/tinykv/kv/test_raftstore	33.233s
GO111MODULE=on go test -v --count=1 --parallel=1 -p=1 ./kv/test_raftstore -run ^TestSnapshotUnreliableRecover2C|| true
=== RUN   TestSnapshotUnreliableRecover2C
2023/06/13 20:32:02.159167 node.go:193: [0;37m[info] start raft store node, storeID: 1[0m
2023/06/13 20:32:02.159708 peer.go:41: [0;37m[info] region id:1 region_epoch:<conf_ver:1 version:1 > peers:<id:1 store_id:1 > peers:<id:2 store_id:2 > peers:<id:3 store_id:3 > peers:<id:4 store_id:4 > peers:<id:5 store_id:5 >  create peer with ID 1[0m
FAIL	github.com/pingcap-incubator/tinykv/kv/test_raftstore	16.654s
