GO111MODULE=on go test -v --count=1 --parallel=1 -p=1 ./raft -run 2A
=== RUN   TestFollowerUpdateTermFromMessage2AA
--- PASS: TestFollowerUpdateTermFromMessage2AA (0.00s)
=== RUN   TestCandidateUpdateTermFromMessage2AA
--- PASS: TestCandidateUpdateTermFromMessage2AA (0.00s)
=== RUN   TestLeaderUpdateTermFromMessage2AA
--- PASS: TestLeaderUpdateTermFromMessage2AA (0.00s)
=== RUN   TestStartAsFollower2AA
--- PASS: TestStartAsFollower2AA (0.00s)
=== RUN   TestLeaderBcastBeat2AA
--- PASS: TestLeaderBcastBeat2AA (0.00s)
=== RUN   TestFollowerStartElection2AA
--- PASS: TestFollowerStartElection2AA (0.00s)
=== RUN   TestCandidateStartNewElection2AA
--- PASS: TestCandidateStartNewElection2AA (0.00s)
=== RUN   TestLeaderElectionInOneRoundRPC2AA
--- PASS: TestLeaderElectionInOneRoundRPC2AA (0.00s)
=== RUN   TestFollowerVote2AA
--- PASS: TestFollowerVote2AA (0.00s)
=== RUN   TestCandidateFallback2AA
--- PASS: TestCandidateFallback2AA (0.00s)
=== RUN   TestFollowerElectionTimeoutRandomized2AA
--- PASS: TestFollowerElectionTimeoutRandomized2AA (0.01s)
=== RUN   TestCandidateElectionTimeoutRandomized2AA
--- PASS: TestCandidateElectionTimeoutRandomized2AA (0.01s)
=== RUN   TestFollowersElectionTimeoutNonconflict2AA
--- PASS: TestFollowersElectionTimeoutNonconflict2AA (0.08s)
=== RUN   TestCandidatesElectionTimeoutNonconflict2AA
--- PASS: TestCandidatesElectionTimeoutNonconflict2AA (0.07s)
=== RUN   TestLeaderStartReplication2AB
--- PASS: TestLeaderStartReplication2AB (0.00s)
=== RUN   TestLeaderCommitEntry2AB
--- PASS: TestLeaderCommitEntry2AB (0.00s)
=== RUN   TestLeaderAcknowledgeCommit2AB
--- PASS: TestLeaderAcknowledgeCommit2AB (0.00s)
=== RUN   TestLeaderCommitPrecedingEntries2AB
--- PASS: TestLeaderCommitPrecedingEntries2AB (0.00s)
=== RUN   TestFollowerCommitEntry2AB
--- PASS: TestFollowerCommitEntry2AB (0.00s)
=== RUN   TestFollowerCheckMessageType_MsgAppend2AB
--- PASS: TestFollowerCheckMessageType_MsgAppend2AB (0.00s)
=== RUN   TestFollowerAppendEntries2AB
--- PASS: TestFollowerAppendEntries2AB (0.00s)
=== RUN   TestLeaderSyncFollowerLog2AB
--- PASS: TestLeaderSyncFollowerLog2AB (0.00s)
=== RUN   TestVoteRequest2AB
--- PASS: TestVoteRequest2AB (0.00s)
=== RUN   TestVoter2AB
--- PASS: TestVoter2AB (0.00s)
=== RUN   TestLeaderOnlyCommitsLogFromCurrentTerm2AB
--- PASS: TestLeaderOnlyCommitsLogFromCurrentTerm2AB (0.00s)
=== RUN   TestProgressLeader2AB
--- PASS: TestProgressLeader2AB (0.00s)
=== RUN   TestLeaderElection2AA
--- PASS: TestLeaderElection2AA (0.00s)
=== RUN   TestLeaderCycle2AA
--- PASS: TestLeaderCycle2AA (0.00s)
=== RUN   TestLeaderElectionOverwriteNewerLogs2AB
--- PASS: TestLeaderElectionOverwriteNewerLogs2AB (0.00s)
=== RUN   TestVoteFromAnyState2AA
--- PASS: TestVoteFromAnyState2AA (0.00s)
=== RUN   TestLogReplication2AB
--- PASS: TestLogReplication2AB (0.00s)
=== RUN   TestSingleNodeCommit2AB
--- PASS: TestSingleNodeCommit2AB (0.00s)
=== RUN   TestCommitWithoutNewTermEntry2AB
--- PASS: TestCommitWithoutNewTermEntry2AB (0.00s)
=== RUN   TestCommitWithHeartbeat2AB
--- PASS: TestCommitWithHeartbeat2AB (0.00s)
=== RUN   TestDuelingCandidates2AB
--- PASS: TestDuelingCandidates2AB (0.00s)
=== RUN   TestCandidateConcede2AB
--- PASS: TestCandidateConcede2AB (0.00s)
=== RUN   TestSingleNodeCandidate2AA
--- PASS: TestSingleNodeCandidate2AA (0.00s)
=== RUN   TestOldMessages2AB
--- PASS: TestOldMessages2AB (0.00s)
=== RUN   TestProposal2AB
--- PASS: TestProposal2AB (0.00s)
=== RUN   TestHandleMessageType_MsgAppend2AB
--- PASS: TestHandleMessageType_MsgAppend2AB (0.00s)
=== RUN   TestRecvMessageType_MsgRequestVote2AB
--- PASS: TestRecvMessageType_MsgRequestVote2AB (0.00s)
=== RUN   TestAllServerStepdown2AB
--- PASS: TestAllServerStepdown2AB (0.00s)
=== RUN   TestCandidateResetTermMessageType_MsgHeartbeat2AA
--- PASS: TestCandidateResetTermMessageType_MsgHeartbeat2AA (0.00s)
=== RUN   TestCandidateResetTermMessageType_MsgAppend2AA
--- PASS: TestCandidateResetTermMessageType_MsgAppend2AA (0.00s)
=== RUN   TestDisruptiveFollower2AA
--- PASS: TestDisruptiveFollower2AA (0.00s)
=== RUN   TestHeartbeatUpdateCommit2AB
--- PASS: TestHeartbeatUpdateCommit2AB (0.00s)
=== RUN   TestRecvMessageType_MsgBeat2AA
--- PASS: TestRecvMessageType_MsgBeat2AA (0.00s)
=== RUN   TestLeaderIncreaseNext2AB
--- PASS: TestLeaderIncreaseNext2AB (0.00s)
=== RUN   TestCampaignWhileLeader2AA
--- PASS: TestCampaignWhileLeader2AA (0.00s)
=== RUN   TestSplitVote2AA
--- PASS: TestSplitVote2AA (0.00s)
=== RUN   TestRawNodeStart2AC
--- PASS: TestRawNodeStart2AC (0.00s)
=== RUN   TestRawNodeRestart2AC
--- PASS: TestRawNodeRestart2AC (0.00s)
PASS
ok  	github.com/pingcap-incubator/tinykv/raft	0.192s
rm -rf /tmp/*test-raftstore*
GO111MODULE=on go test -v --count=1 --parallel=1 -p=1 ./kv/test_raftstore -run ^TestBasic2B|| true
=== RUN   TestBasic2B
2023/07/16 22:52:13.640976 node.go:193: [0;37m[info] start raft store node, storeID: 1[0m
2023/07/16 22:52:13.641507 peer.go:41: [0;37m[info] region id:1 region_epoch:<conf_ver:1 version:1 > peers:<id:1 store_id:1 > peers:<id:2 store_id:2 > peers:<id:3 store_id:3 > peers:<id:4 store_id:4 > peers:<id:5 store_id:5 >  create peer with ID 1[0m
FAIL	github.com/pingcap-incubator/tinykv/kv/test_raftstore	3.313s
